<?xml version="1.0" encoding="utf-8"?><testsuites><testsuite name="pytest" errors="0" failures="0" skipped="0" tests="4" time="14.409" timestamp="2024-03-29T19:27:14.333262" hostname="caihong"><testcase classname="tests.model.test_model.TestModel" name="test_model_fit" time="3.181" /><testcase classname="tests.model.test_model.TestModel" name="test_model_predict" time="3.108" /><testcase classname="tests.model.test_model.TestModel" name="test_model_preprocess_for_serving" time="0.471" /><testcase classname="tests.model.test_model.TestModel" name="test_model_preprocess_for_training" time="3.097" /></testsuite></testsuites>