<?xml version="1.0" encoding="utf-8"?><testsuites><testsuite name="pytest" errors="0" failures="0" skipped="0" tests="4" time="14.051" timestamp="2024-03-29T20:28:17.622807" hostname="caihong"><testcase classname="tests.model.test_model.TestModel" name="test_model_fit" time="3.157" /><testcase classname="tests.model.test_model.TestModel" name="test_model_predict" time="3.149" /><testcase classname="tests.model.test_model.TestModel" name="test_model_preprocess_for_serving" time="0.451" /><testcase classname="tests.model.test_model.TestModel" name="test_model_preprocess_for_training" time="2.924" /></testsuite></testsuites>